C51 COMPILER V9.60.0.0   LCD_4                                                             02/09/2023 17:12:20 PAGE 1   


C51 COMPILER V9.60.0.0, COMPILATION OF MODULE LCD_4
OBJECT MODULE PLACED IN .\Objects\LCD_4.obj
COMPILER INVOKED BY: C:\Keil_v5\C51\BIN\C51.EXE LCD_4.c OPTIMIZE(8,SPEED) BROWSE DEBUG OBJECTEXTEND PRINT(.\Listings\LCD
                    -_4.lst) TABS(2) OBJECT(.\Objects\LCD_4.obj)

line level    source

   1          #include "LCD_4.h" 
   2          
   3          ///--------new var or extern from main
   4          
   5          //description funtion
   6          void delay_ms(unsigned int t)
   7          {
   8   1        unsigned int i,j;
   9   1        for(i=0;i<t;i++)
  10   1        for(j=0;j<125;j++);
  11   1      }
  12          
  13          void LCD_SendCommand(unsigned char cmd)
  14          {
  15   1          LCD_CMD=(LCD_CMD&0x0F)|(cmd&0xF0);
  16   1        LCD_RS=0;
  17   1      
  18   1        LCD_E=1;
  19   1        delay_ms(1);   //thoi gian delay xem o datasheet
  20   1        LCD_E=0; 
  21   1        delay_ms(10); 
  22   1        
  23   1        LCD_CMD=(LCD_CMD&0x0F)|((cmd&0x0F)<<4);
  24   1        LCD_E=1;
  25   1        delay_ms(1);   //thoi gian delay xem o datasheet
  26   1        LCD_E=0; 
  27   1        delay_ms(2);  
  28   1      }
  29          
  30          
  31          void LCD_SendChar(unsigned char char_data)
  32          {
  33   1        LCD_CMD=(LCD_CMD&0x0F)|(char_data&0xF0);
  34   1        LCD_RS=1;
  35   1        
  36   1        LCD_E=1;
  37   1        delay_ms(1);   //thoi gian delay xem o datasheet
  38   1        LCD_E=0; 
  39   1        delay_ms(10); 
  40   1        
  41   1        LCD_CMD=(LCD_CMD&0x0F)|((char_data&0x0F)<<4);
  42   1        LCD_E=1;
  43   1        delay_ms(1);   //thoi gian delay xem o datasheet
  44   1        LCD_E=0; 
  45   1        delay_ms(2);  
  46   1      }
  47          
  48          void LCD_SendString(char *str)
  49          {
  50   1        int i;
  51   1        for(i=0;str[i]!=0;i++)
  52   1        {
  53   2          LCD_SendChar(str[i]);
  54   2        }
C51 COMPILER V9.60.0.0   LCD_4                                                             02/09/2023 17:12:20 PAGE 2   

  55   1      }
  56          
  57          void LCD_Init()
  58          {
  59   1          LCD_SendCommand(0x02);
  60   1          LCD_SendCommand(0x28);  //mode 8bit,2 dong
  61   1          
  62   1          LCD_SendCommand(0x0C);  //bat hien thi, tat con tro
  63   1          LCD_SendCommand(0x01);  // xoa noi dung hien thi tren lcd
  64   1          delay_ms(2);  
  65   1      }


MODULE INFORMATION:   STATIC OVERLAYABLE
   CODE SIZE        =    189    ----
   CONSTANT SIZE    =   ----    ----
   XDATA SIZE       =   ----    ----
   PDATA SIZE       =   ----    ----
   DATA SIZE        =   ----       5
   IDATA SIZE       =   ----    ----
   BIT SIZE         =   ----    ----
END OF MODULE INFORMATION.


C51 COMPILATION COMPLETE.  0 WARNING(S),  0 ERROR(S)
